2012-11-13 20:46:55,866 [http-bio-8080-exec-3] ERROR StackTrace  - Full Stack Trace:
java.io.IOException: couldn't connect to [power-newt-4.home/192.168.1.3:27017] bc:java.net.ConnectException: Connection refused
	at com.mongodb.DBPort._open(DBPort.java:228)
	at com.mongodb.DBPort.go(DBPort.java:112)
	at com.mongodb.DBPort.call(DBPort.java:79)
	at com.mongodb.DBTCPConnector.call(DBTCPConnector.java:218)
	at com.mongodb.DBApiLayer$MyCollection.__find(DBApiLayer.java:305)
	at com.mongodb.DB.command(DB.java:160)
	at com.mongodb.DB.command(DB.java:183)
	at com.mongodb.DBCollection.getCount(DBCollection.java:852)
	at com.mongodb.DBCursor.size(DBCursor.java:646)
	at org.grails.datastore.mapping.mongo.query.MongoQuery$36.doInDB(MongoQuery.java:517)
	at org.grails.datastore.mapping.mongo.query.MongoQuery$36.doInDB(MongoQuery.java:479)
	at org.springframework.data.mongodb.core.MongoTemplate.execute(MongoTemplate.java:352)
	at org.grails.datastore.mapping.mongo.query.MongoQuery.executeQuery(MongoQuery.java:479)
	at org.grails.datastore.mapping.query.Query.list(Query.java:486)
	at org.grails.datastore.mapping.query.Query.singleResult(Query.java:517)
	at org.grails.datastore.mapping.query.Query$singleResult.call(Unknown Source)
	at org.codehaus.groovy.runtime.callsite.CallSiteArray.defaultCall(CallSiteArray.java:42)
	at org.codehaus.groovy.runtime.callsite.AbstractCallSite.call(AbstractCallSite.java:108)
	at org.codehaus.groovy.runtime.callsite.AbstractCallSite.call(AbstractCallSite.java:112)
	at org.grails.datastore.gorm.GormStaticApi$_count_closure13.doCall(GormStaticApi.groovy:332)
	at sun.reflect.NativeMethodAccessorImpl.invoke0(Native Method)
	at sun.reflect.NativeMethodAccessorImpl.invoke(NativeMethodAccessorImpl.java:39)
	at sun.reflect.DelegatingMethodAccessorImpl.invoke(DelegatingMethodAccessorImpl.java:25)
	at java.lang.reflect.Method.invoke(Method.java:597)
	at com.springsource.loaded.ri.ReflectiveInterceptor.jlrMethodInvoke(ReflectiveInterceptor.java:1231)
	at org.codehaus.groovy.reflection.CachedMethod.invoke(CachedMethod.java:90)
	at groovy.lang.MetaMethod.doMethodInvoke(MetaMethod.java:233)
	at groovy.lang.MetaClassImpl.invokeMethod(MetaClassImpl.java:1071)
	at groovy.lang.ExpandoMetaClass.invokeMethod(ExpandoMetaClass.java:1110)
	at groovy.lang.MetaClassImpl.invokeMethod(MetaClassImpl.java:901)
	at groovy.lang.Closure.call(Closure.java:415)
	at org.codehaus.groovy.runtime.ConvertedClosure.invokeCustom(ConvertedClosure.java:51)
	at org.codehaus.groovy.runtime.ConversionHandler.invoke(ConversionHandler.java:82)
	at $Proxy24.doInSession(Unknown Source)
	at org.grails.datastore.mapping.core.DatastoreUtils.execute(DatastoreUtils.java:301)
	at org.grails.datastore.mapping.core.DatastoreUtils$execute.call(Unknown Source)
	at org.grails.datastore.gorm.AbstractDatastoreApi.execute(AbstractDatastoreApi.groovy:34)
	at sun.reflect.NativeMethodAccessorImpl.invoke0(Native Method)
	at sun.reflect.NativeMethodAccessorImpl.invoke(NativeMethodAccessorImpl.java:39)
	at sun.reflect.DelegatingMethodAccessorImpl.invoke(DelegatingMethodAccessorImpl.java:25)
	at java.lang.reflect.Method.invoke(Method.java:597)
	at com.springsource.loaded.ri.ReflectiveInterceptor.jlrMethodInvoke(ReflectiveInterceptor.java:1231)
	at org.codehaus.groovy.runtime.callsite.PogoMetaMethodSite$PogoCachedMethodSite.invoke(PogoMetaMethodSite.java:231)
	at org.codehaus.groovy.runtime.callsite.PogoMetaMethodSite.callCurrent(PogoMetaMethodSite.java:52)
	at org.codehaus.groovy.runtime.callsite.CallSiteArray.defaultCallCurrent(CallSiteArray.java:46)
	at org.codehaus.groovy.runtime.callsite.AbstractCallSite.callCurrent(AbstractCallSite.java:133)
	at org.codehaus.groovy.runtime.callsite.AbstractCallSite.callCurrent(AbstractCallSite.java:141)
	at org.grails.datastore.gorm.GormStaticApi.count(GormStaticApi.groovy:328)
	at sun.reflect.NativeMethodAccessorImpl.invoke0(Native Method)
	at sun.reflect.NativeMethodAccessorImpl.invoke(NativeMethodAccessorImpl.java:39)
	at sun.reflect.DelegatingMethodAccessorImpl.invoke(DelegatingMethodAccessorImpl.java:25)
	at java.lang.reflect.Method.invoke(Method.java:597)
	at com.springsource.loaded.ri.ReflectiveInterceptor.jlrMethodInvoke(ReflectiveInterceptor.java:1231)
	at org.codehaus.groovy.reflection.CachedMethod.invoke(CachedMethod.java:90)
	at groovy.lang.MetaMethod.doMethodInvoke(MetaMethod.java:233)
	at groovy.lang.MetaClassImpl.invokeMethod(MetaClassImpl.java:1071)
	at groovy.lang.ExpandoMetaClass.invokeMethod(ExpandoMetaClass.java:1110)
	at groovy.lang.MetaClassImpl.invokeMethod(MetaClassImpl.java:901)
	at org.codehaus.groovy.runtime.InvokerHelper.invokePogoMethod(InvokerHelper.java:793)
	at org.codehaus.groovy.runtime.InvokerHelper.invokeMethod(InvokerHelper.java:776)
	at org.codehaus.groovy.runtime.ScriptBytecodeAdapter.invokeMethodN(ScriptBytecodeAdapter.java:164)
	at org.grails.datastore.gorm.StaticMethodInvokingClosure.call(GormEnhancer.groovy:285)
	at org.codehaus.groovy.runtime.metaclass.ClosureStaticMetaMethod.invoke(ClosureStaticMetaMethod.java:59)
	at org.codehaus.groovy.runtime.callsite.StaticMetaMethodSite$StaticMetaMethodSiteNoUnwrapNoCoerce.invoke(StaticMetaMethodSite.java:148)
	at org.codehaus.groovy.runtime.callsite.StaticMetaMethodSite.call(StaticMetaMethodSite.java:88)
	at org.codehaus.groovy.runtime.callsite.CallSiteArray.defaultCall(CallSiteArray.java:42)
	at org.codehaus.groovy.runtime.callsite.AbstractCallSite.call(AbstractCallSite.java:108)
	at org.codehaus.groovy.runtime.callsite.AbstractCallSite.call(AbstractCallSite.java:112)
	at sample.PersonController.list(PersonController.groovy:15)
	at sample.PersonController.list(PersonController.groovy)
	at sun.reflect.NativeMethodAccessorImpl.invoke0(Native Method)
	at sun.reflect.NativeMethodAccessorImpl.invoke(NativeMethodAccessorImpl.java:39)
	at sun.reflect.DelegatingMethodAccessorImpl.invoke(DelegatingMethodAccessorImpl.java:25)
	at java.lang.reflect.Method.invoke(Method.java:597)
	at com.springsource.loaded.ri.ReflectiveInterceptor.jlrMethodInvoke(ReflectiveInterceptor.java:1231)
	at org.codehaus.groovy.grails.web.servlet.mvc.MixedGrailsControllerHelper.invoke(MixedGrailsControllerHelper.java:69)
	at grails.plugin.cache.web.ProxyAwareMixedGrailsControllerHelper.invoke(ProxyAwareMixedGrailsControllerHelper.java)
	at org.codehaus.groovy.grails.web.servlet.mvc.AbstractGrailsControllerHelper.handleAction(AbstractGrailsControllerHelper.java:331)
	at grails.plugin.cache.web.ProxyAwareMixedGrailsControllerHelper.handleAction(ProxyAwareMixedGrailsControllerHelper.java)
	at org.codehaus.groovy.grails.web.servlet.mvc.AbstractGrailsControllerHelper.executeAction(AbstractGrailsControllerHelper.java:212)
	at grails.plugin.cache.web.ProxyAwareMixedGrailsControllerHelper.executeAction(ProxyAwareMixedGrailsControllerHelper.java)
	at org.codehaus.groovy.grails.web.servlet.mvc.AbstractGrailsControllerHelper.handleURI(AbstractGrailsControllerHelper.java:178)
	at grails.plugin.cache.web.ProxyAwareMixedGrailsControllerHelper.handleURI(ProxyAwareMixedGrailsControllerHelper.java)
	at org.codehaus.groovy.grails.web.servlet.mvc.AbstractGrailsControllerHelper.handleURI(AbstractGrailsControllerHelper.java:117)
	at grails.plugin.cache.web.ProxyAwareMixedGrailsControllerHelper.handleURI(ProxyAwareMixedGrailsControllerHelper.java)
	at org.codehaus.groovy.grails.web.servlet.mvc.SimpleGrailsController.handleRequest(SimpleGrailsController.java:72)
	at org.springframework.web.servlet.mvc.SimpleControllerHandlerAdapter.handle(SimpleControllerHandlerAdapter.java:48)
	at org.codehaus.groovy.grails.web.servlet.GrailsDispatcherServlet.doDispatch(GrailsDispatcherServlet.java:323)
	at org.springframework.web.servlet.DispatcherServlet.doService(DispatcherServlet.java:852)
	at org.springframework.web.servlet.FrameworkServlet.processRequest(FrameworkServlet.java:882)
	at org.springframework.web.servlet.FrameworkServlet.doGet(FrameworkServlet.java:778)
	at javax.servlet.http.HttpServlet.service(HttpServlet.java:621)
	at javax.servlet.http.HttpServlet.service(HttpServlet.java:722)
	at org.apache.catalina.core.ApplicationFilterChain.internalDoFilter(ApplicationFilterChain.java:305)
	at org.apache.catalina.core.ApplicationFilterChain.doFilter(ApplicationFilterChain.java:210)
	at grails.plugin.cache.web.filter.PageFragmentCachingFilter.doFilter(PageFragmentCachingFilter.java:195)
	at grails.plugin.cache.web.filter.simple.MemoryPageFragmentCachingFilter.doFilter(MemoryPageFragmentCachingFilter.java)
	at grails.plugin.cache.web.filter.AbstractFilter.doFilter(AbstractFilter.java:63)
	at org.springframework.web.filter.DelegatingFilterProxy.invokeDelegate(DelegatingFilterProxy.java:346)
	at org.springframework.web.filter.DelegatingFilterProxy.doFilter(DelegatingFilterProxy.java:259)
	at org.apache.catalina.core.ApplicationFilterChain.internalDoFilter(ApplicationFilterChain.java:243)
	at org.apache.catalina.core.ApplicationFilterChain.doFilter(ApplicationFilterChain.java:210)
	at org.springframework.web.filter.OncePerRequestFilter.doFilter(OncePerRequestFilter.java:70)
	at org.apache.catalina.core.ApplicationFilterChain.internalDoFilter(ApplicationFilterChain.java:243)
	at org.apache.catalina.core.ApplicationFilterChain.doFilter(ApplicationFilterChain.java:210)
	at org.springframework.web.filter.OncePerRequestFilter.doFilter(OncePerRequestFilter.java:70)
	at org.apache.catalina.core.ApplicationFilterChain.internalDoFilter(ApplicationFilterChain.java:243)
	at org.apache.catalina.core.ApplicationFilterChain.doFilter(ApplicationFilterChain.java:210)
	at org.springframework.web.filter.OncePerRequestFilter.doFilter(OncePerRequestFilter.java:70)
	at org.apache.catalina.core.ApplicationFilterChain.internalDoFilter(ApplicationFilterChain.java:243)
	at org.apache.catalina.core.ApplicationFilterChain.doFilter(ApplicationFilterChain.java:210)
	at org.apache.catalina.core.ApplicationDispatcher.invoke(ApplicationDispatcher.java:749)
	at org.apache.catalina.core.ApplicationDispatcher.processRequest(ApplicationDispatcher.java:487)
	at org.apache.catalina.core.ApplicationDispatcher.doForward(ApplicationDispatcher.java:412)
	at org.apache.catalina.core.ApplicationDispatcher.forward(ApplicationDispatcher.java:339)
	at org.codehaus.groovy.grails.web.util.WebUtils.forwardRequestForUrlMappingInfo(WebUtils.java:312)
	at org.codehaus.groovy.grails.web.util.WebUtils.forwardRequestForUrlMappingInfo(WebUtils.java:277)
	at org.codehaus.groovy.grails.web.util.WebUtils.forwardRequestForUrlMappingInfo(WebUtils.java:268)
	at org.codehaus.groovy.grails.web.mapping.filter.UrlMappingsFilter.doFilterInternal(UrlMappingsFilter.java:209)
	at org.springframework.web.filter.OncePerRequestFilter.doFilter(OncePerRequestFilter.java:76)
	at org.apache.catalina.core.ApplicationFilterChain.internalDoFilter(ApplicationFilterChain.java:243)
	at org.apache.catalina.core.ApplicationFilterChain.doFilter(ApplicationFilterChain.java:210)
	at org.codehaus.groovy.grails.web.sitemesh.GrailsPageFilter.obtainContent(GrailsPageFilter.java:200)
	at org.codehaus.groovy.grails.web.sitemesh.GrailsPageFilter.doFilter(GrailsPageFilter.java:151)
	at org.apache.catalina.core.ApplicationFilterChain.internalDoFilter(ApplicationFilterChain.java:243)
	at org.apache.catalina.core.ApplicationFilterChain.doFilter(ApplicationFilterChain.java:210)
	at javax.servlet.FilterChain$doFilter.call(Unknown Source)
	at org.grails.plugin.resource.DevModeSanityFilter.doFilter(DevModeSanityFilter.groovy:44)
	at org.apache.catalina.core.ApplicationFilterChain.internalDoFilter(ApplicationFilterChain.java:243)
	at org.apache.catalina.core.ApplicationFilterChain.doFilter(ApplicationFilterChain.java:210)
	at org.codehaus.groovy.grails.web.servlet.mvc.GrailsWebRequestFilter.doFilterInternal(GrailsWebRequestFilter.java:69)
	at org.springframework.web.filter.OncePerRequestFilter.doFilter(OncePerRequestFilter.java:76)
	at org.apache.catalina.core.ApplicationFilterChain.internalDoFilter(ApplicationFilterChain.java:243)
	at org.apache.catalina.core.ApplicationFilterChain.doFilter(ApplicationFilterChain.java:210)
	at org.codehaus.groovy.grails.web.filters.HiddenHttpMethodFilter.doFilterInternal(HiddenHttpMethodFilter.java:69)
	at org.springframework.web.filter.OncePerRequestFilter.doFilter(OncePerRequestFilter.java:76)
	at org.apache.catalina.core.ApplicationFilterChain.internalDoFilter(ApplicationFilterChain.java:243)
	at org.apache.catalina.core.ApplicationFilterChain.doFilter(ApplicationFilterChain.java:210)
	at org.springframework.web.filter.CharacterEncodingFilter.doFilterInternal(CharacterEncodingFilter.java:88)
	at org.springframework.web.filter.OncePerRequestFilter.doFilter(OncePerRequestFilter.java:76)
	at org.springframework.web.filter.DelegatingFilterProxy.invokeDelegate(DelegatingFilterProxy.java:346)
	at org.springframework.web.filter.DelegatingFilterProxy.doFilter(DelegatingFilterProxy.java:259)
	at org.apache.catalina.core.ApplicationFilterChain.internalDoFilter(ApplicationFilterChain.java:243)
	at org.apache.catalina.core.ApplicationFilterChain.doFilter(ApplicationFilterChain.java:210)
	at org.apache.catalina.core.StandardWrapperValve.invoke(StandardWrapperValve.java:222)
	at org.apache.catalina.core.StandardContextValve.invoke(StandardContextValve.java:123)
	at org.apache.catalina.core.StandardHostValve.invoke(StandardHostValve.java:168)
	at org.apache.catalina.valves.ErrorReportValve.invoke(ErrorReportValve.java:99)
	at org.apache.catalina.core.StandardEngineValve.invoke(StandardEngineValve.java:118)
	at org.apache.catalina.connector.CoyoteAdapter.service(CoyoteAdapter.java:407)
	at org.apache.coyote.http11.AbstractHttp11Processor.process(AbstractHttp11Processor.java:1002)
	at org.apache.coyote.AbstractProtocol$AbstractConnectionHandler.process(AbstractProtocol.java:585)
	at org.apache.tomcat.util.net.JIoEndpoint$SocketProcessor.run(JIoEndpoint.java:312)
	at java.util.concurrent.ThreadPoolExecutor$Worker.runTask(ThreadPoolExecutor.java:886)
	at java.util.concurrent.ThreadPoolExecutor$Worker.run(ThreadPoolExecutor.java:908)
	at java.lang.Thread.run(Thread.java:680)
2012-11-13 20:46:55,868 [http-bio-8080-exec-3] ERROR StackTrace  - Full Stack Trace:
java.io.IOException: couldn't connect to [power-newt-4.home/192.168.1.3:27017] bc:java.net.ConnectException: Connection refused
	at com.mongodb.DBPort._open(DBPort.java:228)
	at com.mongodb.DBPort.go(DBPort.java:112)
	at com.mongodb.DBPort.call(DBPort.java:79)
	at com.mongodb.DBTCPConnector.call(DBTCPConnector.java:218)
	at com.mongodb.DBApiLayer$MyCollection.__find(DBApiLayer.java:305)
	at com.mongodb.DB.command(DB.java:160)
	at com.mongodb.DB.command(DB.java:183)
	at com.mongodb.DBCollection.getCount(DBCollection.java:852)
	at com.mongodb.DBCursor.size(DBCursor.java:646)
	at org.grails.datastore.mapping.mongo.query.MongoQuery$36.doInDB(MongoQuery.java:517)
	at org.grails.datastore.mapping.mongo.query.MongoQuery$36.doInDB(MongoQuery.java:479)
	at org.grails.datastore.mapping.mongo.query.MongoQuery.executeQuery(MongoQuery.java:479)
	at org.grails.datastore.mapping.query.Query.list(Query.java:486)
	at org.grails.datastore.mapping.query.Query.singleResult(Query.java:517)
	at org.grails.datastore.gorm.GormStaticApi$_count_closure13.doCall(GormStaticApi.groovy:332)
	at org.grails.datastore.mapping.core.DatastoreUtils.execute(DatastoreUtils.java:301)
	at org.grails.datastore.gorm.AbstractDatastoreApi.execute(AbstractDatastoreApi.groovy:34)
	at org.grails.datastore.gorm.GormStaticApi.count(GormStaticApi.groovy:328)
	at org.grails.datastore.gorm.StaticMethodInvokingClosure.call(GormEnhancer.groovy:285)
	at sample.PersonController.list(PersonController.groovy:15)
	at grails.plugin.cache.web.filter.PageFragmentCachingFilter.doFilter(PageFragmentCachingFilter.java:195)
	at grails.plugin.cache.web.filter.AbstractFilter.doFilter(AbstractFilter.java:63)
	at java.util.concurrent.ThreadPoolExecutor$Worker.runTask(ThreadPoolExecutor.java:886)
	at java.util.concurrent.ThreadPoolExecutor$Worker.run(ThreadPoolExecutor.java:908)
	at java.lang.Thread.run(Thread.java:680)
2012-11-13 20:46:55,873 [http-bio-8080-exec-3] ERROR StackTrace  - Full Stack Trace:
java.io.IOException: couldn't connect to [power-newt-4.home/192.168.1.3:27017] bc:java.net.ConnectException: Connection refused
	at com.mongodb.DBPort._open(DBPort.java:228)
	at com.mongodb.DBPort.go(DBPort.java:112)
	at com.mongodb.DBPort.call(DBPort.java:79)
	at com.mongodb.DBTCPConnector.call(DBTCPConnector.java:218)
	at com.mongodb.DBApiLayer$MyCollection.__find(DBApiLayer.java:305)
	at com.mongodb.DB.command(DB.java:160)
	at com.mongodb.DB.command(DB.java:183)
	at com.mongodb.DBCollection.getCount(DBCollection.java:852)
	at com.mongodb.DBCursor.size(DBCursor.java:646)
	at org.grails.datastore.mapping.mongo.query.MongoQuery$36.doInDB(MongoQuery.java:517)
	at org.grails.datastore.mapping.mongo.query.MongoQuery$36.doInDB(MongoQuery.java:479)
	at org.grails.datastore.mapping.mongo.query.MongoQuery.executeQuery(MongoQuery.java:479)
	at org.grails.datastore.mapping.query.Query.list(Query.java:486)
	at org.grails.datastore.mapping.query.Query.singleResult(Query.java:517)
	at org.grails.datastore.gorm.GormStaticApi$_count_closure13.doCall(GormStaticApi.groovy:332)
	at org.grails.datastore.mapping.core.DatastoreUtils.execute(DatastoreUtils.java:301)
	at org.grails.datastore.gorm.AbstractDatastoreApi.execute(AbstractDatastoreApi.groovy:34)
	at org.grails.datastore.gorm.GormStaticApi.count(GormStaticApi.groovy:328)
	at org.grails.datastore.gorm.StaticMethodInvokingClosure.call(GormEnhancer.groovy:285)
	at sample.PersonController.list(PersonController.groovy:15)
	at grails.plugin.cache.web.filter.PageFragmentCachingFilter.doFilter(PageFragmentCachingFilter.java:195)
	at grails.plugin.cache.web.filter.AbstractFilter.doFilter(AbstractFilter.java:63)
	at java.util.concurrent.ThreadPoolExecutor$Worker.runTask(ThreadPoolExecutor.java:886)
	at java.util.concurrent.ThreadPoolExecutor$Worker.run(ThreadPoolExecutor.java:908)
	at java.lang.Thread.run(Thread.java:680)
2012-11-13 20:46:55,873 [http-bio-8080-exec-3] ERROR StackTrace  - Full Stack Trace:
java.io.IOException: couldn't connect to [power-newt-4.home/192.168.1.3:27017] bc:java.net.ConnectException: Connection refused
	at com.mongodb.DBPort._open(DBPort.java:228)
	at com.mongodb.DBPort.go(DBPort.java:112)
	at com.mongodb.DBPort.call(DBPort.java:79)
	at com.mongodb.DBTCPConnector.call(DBTCPConnector.java:218)
	at com.mongodb.DBApiLayer$MyCollection.__find(DBApiLayer.java:305)
	at com.mongodb.DB.command(DB.java:160)
	at com.mongodb.DB.command(DB.java:183)
	at com.mongodb.DBCollection.getCount(DBCollection.java:852)
	at com.mongodb.DBCursor.size(DBCursor.java:646)
	at org.grails.datastore.mapping.mongo.query.MongoQuery$36.doInDB(MongoQuery.java:517)
	at org.grails.datastore.mapping.mongo.query.MongoQuery$36.doInDB(MongoQuery.java:479)
	at org.grails.datastore.mapping.mongo.query.MongoQuery.executeQuery(MongoQuery.java:479)
	at org.grails.datastore.mapping.query.Query.list(Query.java:486)
	at org.grails.datastore.mapping.query.Query.singleResult(Query.java:517)
	at org.grails.datastore.gorm.GormStaticApi$_count_closure13.doCall(GormStaticApi.groovy:332)
	at org.grails.datastore.mapping.core.DatastoreUtils.execute(DatastoreUtils.java:301)
	at org.grails.datastore.gorm.AbstractDatastoreApi.execute(AbstractDatastoreApi.groovy:34)
	at org.grails.datastore.gorm.GormStaticApi.count(GormStaticApi.groovy:328)
	at org.grails.datastore.gorm.StaticMethodInvokingClosure.call(GormEnhancer.groovy:285)
	at sample.PersonController.list(PersonController.groovy:15)
	at grails.plugin.cache.web.filter.PageFragmentCachingFilter.doFilter(PageFragmentCachingFilter.java:195)
	at grails.plugin.cache.web.filter.AbstractFilter.doFilter(AbstractFilter.java:63)
	at java.util.concurrent.ThreadPoolExecutor$Worker.runTask(ThreadPoolExecutor.java:886)
	at java.util.concurrent.ThreadPoolExecutor$Worker.run(ThreadPoolExecutor.java:908)
	at java.lang.Thread.run(Thread.java:680)
2012-11-13 20:46:55,873 [http-bio-8080-exec-3] ERROR StackTrace  - Full Stack Trace:
java.io.IOException: couldn't connect to [power-newt-4.home/192.168.1.3:27017] bc:java.net.ConnectException: Connection refused
	at com.mongodb.DBPort._open(DBPort.java:228)
	at com.mongodb.DBPort.go(DBPort.java:112)
	at com.mongodb.DBPort.call(DBPort.java:79)
	at com.mongodb.DBTCPConnector.call(DBTCPConnector.java:218)
	at com.mongodb.DBApiLayer$MyCollection.__find(DBApiLayer.java:305)
	at com.mongodb.DB.command(DB.java:160)
	at com.mongodb.DB.command(DB.java:183)
	at com.mongodb.DBCollection.getCount(DBCollection.java:852)
	at com.mongodb.DBCursor.size(DBCursor.java:646)
	at org.grails.datastore.mapping.mongo.query.MongoQuery$36.doInDB(MongoQuery.java:517)
	at org.grails.datastore.mapping.mongo.query.MongoQuery$36.doInDB(MongoQuery.java:479)
	at org.grails.datastore.mapping.mongo.query.MongoQuery.executeQuery(MongoQuery.java:479)
	at org.grails.datastore.mapping.query.Query.list(Query.java:486)
	at org.grails.datastore.mapping.query.Query.singleResult(Query.java:517)
	at org.grails.datastore.gorm.GormStaticApi$_count_closure13.doCall(GormStaticApi.groovy:332)
	at org.grails.datastore.mapping.core.DatastoreUtils.execute(DatastoreUtils.java:301)
	at org.grails.datastore.gorm.AbstractDatastoreApi.execute(AbstractDatastoreApi.groovy:34)
	at org.grails.datastore.gorm.GormStaticApi.count(GormStaticApi.groovy:328)
	at org.grails.datastore.gorm.StaticMethodInvokingClosure.call(GormEnhancer.groovy:285)
	at sample.PersonController.list(PersonController.groovy:15)
	at grails.plugin.cache.web.filter.PageFragmentCachingFilter.doFilter(PageFragmentCachingFilter.java:195)
	at grails.plugin.cache.web.filter.AbstractFilter.doFilter(AbstractFilter.java:63)
	at java.util.concurrent.ThreadPoolExecutor$Worker.runTask(ThreadPoolExecutor.java:886)
	at java.util.concurrent.ThreadPoolExecutor$Worker.run(ThreadPoolExecutor.java:908)
	at java.lang.Thread.run(Thread.java:680)
2012-11-13 20:46:55,874 [http-bio-8080-exec-3] ERROR StackTrace  - Full Stack Trace:
java.io.IOException: couldn't connect to [power-newt-4.home/192.168.1.3:27017] bc:java.net.ConnectException: Connection refused
	at com.mongodb.DBPort._open(DBPort.java:228)
	at com.mongodb.DBPort.go(DBPort.java:112)
	at com.mongodb.DBPort.call(DBPort.java:79)
	at com.mongodb.DBTCPConnector.call(DBTCPConnector.java:218)
	at com.mongodb.DBApiLayer$MyCollection.__find(DBApiLayer.java:305)
	at com.mongodb.DB.command(DB.java:160)
	at com.mongodb.DB.command(DB.java:183)
	at com.mongodb.DBCollection.getCount(DBCollection.java:852)
	at com.mongodb.DBCursor.size(DBCursor.java:646)
	at org.grails.datastore.mapping.mongo.query.MongoQuery$36.doInDB(MongoQuery.java:517)
	at org.grails.datastore.mapping.mongo.query.MongoQuery$36.doInDB(MongoQuery.java:479)
	at org.grails.datastore.mapping.mongo.query.MongoQuery.executeQuery(MongoQuery.java:479)
	at org.grails.datastore.mapping.query.Query.list(Query.java:486)
	at org.grails.datastore.mapping.query.Query.singleResult(Query.java:517)
	at org.grails.datastore.gorm.GormStaticApi$_count_closure13.doCall(GormStaticApi.groovy:332)
	at org.grails.datastore.mapping.core.DatastoreUtils.execute(DatastoreUtils.java:301)
	at org.grails.datastore.gorm.AbstractDatastoreApi.execute(AbstractDatastoreApi.groovy:34)
	at org.grails.datastore.gorm.GormStaticApi.count(GormStaticApi.groovy:328)
	at org.grails.datastore.gorm.StaticMethodInvokingClosure.call(GormEnhancer.groovy:285)
	at sample.PersonController.list(PersonController.groovy:15)
	at grails.plugin.cache.web.filter.PageFragmentCachingFilter.doFilter(PageFragmentCachingFilter.java:195)
	at grails.plugin.cache.web.filter.AbstractFilter.doFilter(AbstractFilter.java:63)
	at java.util.concurrent.ThreadPoolExecutor$Worker.runTask(ThreadPoolExecutor.java:886)
	at java.util.concurrent.ThreadPoolExecutor$Worker.run(ThreadPoolExecutor.java:908)
	at java.lang.Thread.run(Thread.java:680)
